<?xml version="1.0" encoding="UTF-8"?>
<coverage generated="1690422243122" clover="3.2.0">
  <project timestamp="1690422243122" name="All files">
    <metrics statements="54" coveredstatements="54" conditionals="22" coveredconditionals="22" methods="14" coveredmethods="14" elements="90" coveredelements="90" complexity="0" loc="54" ncloc="54" packages="1" files="1" classes="1"/>
    <file name="robot.js" path="/home/daniel/makeItReal/robot-simulator/robot.js">
      <metrics statements="54" coveredstatements="54" conditionals="22" coveredconditionals="22" methods="14" coveredmethods="14"/>
      <line num="2" count="18" type="stmt"/>
      <line num="3" count="18" type="stmt"/>
      <line num="4" count="18" type="stmt"/>
      <line num="7" count="18" type="stmt"/>
      <line num="8" count="18" type="stmt"/>
      <line num="9" count="18" type="stmt"/>
      <line num="10" count="18" type="cond" truecount="2" falsecount="0"/>
      <line num="11" count="1" type="stmt"/>
      <line num="14" count="17" type="cond" truecount="6" falsecount="0"/>
      <line num="15" count="2" type="stmt"/>
      <line num="18" count="15" type="stmt"/>
      <line num="20" count="3" type="stmt"/>
      <line num="25" count="18" type="stmt"/>
      <line num="26" count="15" type="stmt"/>
      <line num="27" count="15" type="cond" truecount="6" falsecount="0"/>
      <line num="28" count="1" type="stmt"/>
      <line num="30" count="14" type="stmt"/>
      <line num="32" count="1" type="stmt"/>
      <line num="36" count="18" type="stmt"/>
      <line num="37" count="7" type="stmt"/>
      <line num="38" count="2" type="stmt"/>
      <line num="39" count="1" type="stmt"/>
      <line num="40" count="3" type="stmt"/>
      <line num="41" count="1" type="stmt"/>
      <line num="43" count="7" type="stmt"/>
      <line num="46" count="18" type="stmt"/>
      <line num="47" count="5" type="cond" truecount="4" falsecount="0"/>
      <line num="49" count="2" type="stmt"/>
      <line num="50" count="2" type="stmt"/>
      <line num="52" count="1" type="stmt"/>
      <line num="53" count="1" type="stmt"/>
      <line num="55" count="1" type="stmt"/>
      <line num="56" count="1" type="stmt"/>
      <line num="58" count="1" type="stmt"/>
      <line num="59" count="1" type="stmt"/>
      <line num="63" count="18" type="stmt"/>
      <line num="64" count="6" type="cond" truecount="4" falsecount="0"/>
      <line num="66" count="2" type="stmt"/>
      <line num="67" count="2" type="stmt"/>
      <line num="69" count="1" type="stmt"/>
      <line num="70" count="1" type="stmt"/>
      <line num="72" count="1" type="stmt"/>
      <line num="73" count="1" type="stmt"/>
      <line num="75" count="2" type="stmt"/>
      <line num="76" count="2" type="stmt"/>
      <line num="80" count="18" type="stmt"/>
      <line num="81" count="1" type="stmt"/>
      <line num="82" count="3" type="stmt"/>
      <line num="83" count="1" type="stmt"/>
      <line num="84" count="2" type="stmt"/>
      <line num="86" count="1" type="stmt"/>
      <line num="87" count="6" type="stmt"/>
      <line num="92" count="18" type="stmt"/>
      <line num="102" count="1" type="stmt"/>
    </file>
  </project>
</coverage>
