{"/home/daniel/makeItReal/robot-simulator/robot.js": {"path":"/home/daniel/makeItReal/robot-simulator/robot.js","statementMap":{"0":{"start":{"line":2,"column":30},"end":{"line":2,"column":64}},"1":{"start":{"line":3,"column":15},"end":{"line":3,"column":26}},"2":{"start":{"line":4,"column":20},"end":{"line":4,"column":29}},"3":{"start":{"line":7,"column":2},"end":{"line":23,"column":6}},"4":{"start":{"line":8,"column":4},"end":{"line":21,"column":5}},"5":{"start":{"line":9,"column":22},"end":{"line":9,"column":61}},"6":{"start":{"line":10,"column":6},"end":{"line":12,"column":7}},"7":{"start":{"line":11,"column":8},"end":{"line":11,"column":48}},"8":{"start":{"line":14,"column":6},"end":{"line":16,"column":7}},"9":{"start":{"line":15,"column":8},"end":{"line":15,"column":49}},"10":{"start":{"line":18,"column":6},"end":{"line":18,"column":33}},"11":{"start":{"line":20,"column":6},"end":{"line":20,"column":29}},"12":{"start":{"line":25,"column":22},"end":{"line":34,"column":3}},"13":{"start":{"line":26,"column":4},"end":{"line":33,"column":5}},"14":{"start":{"line":27,"column":6},"end":{"line":29,"column":7}},"15":{"start":{"line":28,"column":8},"end":{"line":28,"column":43}},"16":{"start":{"line":30,"column":6},"end":{"line":30,"column":49}},"17":{"start":{"line":32,"column":6},"end":{"line":32,"column":26}},"18":{"start":{"line":36,"column":18},"end":{"line":44,"column":3}},"19":{"start":{"line":37,"column":20},"end":{"line":42,"column":5}},"20":{"start":{"line":38,"column":19},"end":{"line":38,"column":25}},"21":{"start":{"line":39,"column":19},"end":{"line":39,"column":25}},"22":{"start":{"line":40,"column":18},"end":{"line":40,"column":24}},"23":{"start":{"line":41,"column":18},"end":{"line":41,"column":24}},"24":{"start":{"line":43,"column":4},"end":{"line":43,"column":26}},"25":{"start":{"line":46,"column":20},"end":{"line":61,"column":3}},"26":{"start":{"line":47,"column":4},"end":{"line":60,"column":5}},"27":{"start":{"line":49,"column":8},"end":{"line":49,"column":29}},"28":{"start":{"line":50,"column":8},"end":{"line":50,"column":14}},"29":{"start":{"line":52,"column":8},"end":{"line":52,"column":30}},"30":{"start":{"line":53,"column":8},"end":{"line":53,"column":14}},"31":{"start":{"line":55,"column":8},"end":{"line":55,"column":29}},"32":{"start":{"line":56,"column":8},"end":{"line":56,"column":14}},"33":{"start":{"line":58,"column":8},"end":{"line":58,"column":30}},"34":{"start":{"line":59,"column":8},"end":{"line":59,"column":14}},"35":{"start":{"line":63,"column":19},"end":{"line":78,"column":3}},"36":{"start":{"line":64,"column":4},"end":{"line":77,"column":5}},"37":{"start":{"line":66,"column":8},"end":{"line":66,"column":29}},"38":{"start":{"line":67,"column":8},"end":{"line":67,"column":14}},"39":{"start":{"line":69,"column":8},"end":{"line":69,"column":30}},"40":{"start":{"line":70,"column":8},"end":{"line":70,"column":14}},"41":{"start":{"line":72,"column":8},"end":{"line":72,"column":29}},"42":{"start":{"line":73,"column":8},"end":{"line":73,"column":14}},"43":{"start":{"line":75,"column":8},"end":{"line":75,"column":30}},"44":{"start":{"line":76,"column":8},"end":{"line":76,"column":14}},"45":{"start":{"line":80,"column":23},"end":{"line":89,"column":3}},"46":{"start":{"line":81,"column":20},"end":{"line":85,"column":5}},"47":{"start":{"line":82,"column":15},"end":{"line":82,"column":24}},"48":{"start":{"line":83,"column":15},"end":{"line":83,"column":26}},"49":{"start":{"line":84,"column":15},"end":{"line":84,"column":25}},"50":{"start":{"line":86,"column":4},"end":{"line":88,"column":5}},"51":{"start":{"line":87,"column":6},"end":{"line":87,"column":38}},"52":{"start":{"line":92,"column":2},"end":{"line":99,"column":7}},"53":{"start":{"line":102,"column":0},"end":{"line":102,"column":28}}},"fnMap":{"0":{"name":"createRobot","decl":{"start":{"line":1,"column":9},"end":{"line":1,"column":20}},"loc":{"start":{"line":1,"column":45},"end":{"line":100,"column":1}},"line":1},"1":{"name":"(anonymous_1)","decl":{"start":{"line":7,"column":26},"end":{"line":7,"column":27}},"loc":{"start":{"line":7,"column":32},"end":{"line":23,"column":3}},"line":7},"2":{"name":"(anonymous_2)","decl":{"start":{"line":25,"column":22},"end":{"line":25,"column":23}},"loc":{"start":{"line":25,"column":28},"end":{"line":34,"column":3}},"line":25},"3":{"name":"(anonymous_3)","decl":{"start":{"line":36,"column":18},"end":{"line":36,"column":19}},"loc":{"start":{"line":36,"column":24},"end":{"line":44,"column":3}},"line":36},"4":{"name":"(anonymous_4)","decl":{"start":{"line":38,"column":13},"end":{"line":38,"column":14}},"loc":{"start":{"line":38,"column":19},"end":{"line":38,"column":25}},"line":38},"5":{"name":"(anonymous_5)","decl":{"start":{"line":39,"column":13},"end":{"line":39,"column":14}},"loc":{"start":{"line":39,"column":19},"end":{"line":39,"column":25}},"line":39},"6":{"name":"(anonymous_6)","decl":{"start":{"line":40,"column":12},"end":{"line":40,"column":13}},"loc":{"start":{"line":40,"column":18},"end":{"line":40,"column":24}},"line":40},"7":{"name":"(anonymous_7)","decl":{"start":{"line":41,"column":12},"end":{"line":41,"column":13}},"loc":{"start":{"line":41,"column":18},"end":{"line":41,"column":24}},"line":41},"8":{"name":"(anonymous_8)","decl":{"start":{"line":46,"column":20},"end":{"line":46,"column":21}},"loc":{"start":{"line":46,"column":26},"end":{"line":61,"column":3}},"line":46},"9":{"name":"(anonymous_9)","decl":{"start":{"line":63,"column":19},"end":{"line":63,"column":20}},"loc":{"start":{"line":63,"column":25},"end":{"line":78,"column":3}},"line":63},"10":{"name":"(anonymous_10)","decl":{"start":{"line":80,"column":23},"end":{"line":80,"column":24}},"loc":{"start":{"line":80,"column":47},"end":{"line":89,"column":3}},"line":80},"11":{"name":"(anonymous_11)","decl":{"start":{"line":82,"column":9},"end":{"line":82,"column":10}},"loc":{"start":{"line":82,"column":15},"end":{"line":82,"column":24}},"line":82},"12":{"name":"(anonymous_12)","decl":{"start":{"line":83,"column":9},"end":{"line":83,"column":10}},"loc":{"start":{"line":83,"column":15},"end":{"line":83,"column":26}},"line":83},"13":{"name":"(anonymous_13)","decl":{"start":{"line":84,"column":9},"end":{"line":84,"column":10}},"loc":{"start":{"line":84,"column":15},"end":{"line":84,"column":25}},"line":84}},"branchMap":{"0":{"loc":{"start":{"line":10,"column":6},"end":{"line":12,"column":7}},"type":"if","locations":[{"start":{"line":10,"column":6},"end":{"line":12,"column":7}},{"start":{},"end":{}}],"line":10},"1":{"loc":{"start":{"line":14,"column":6},"end":{"line":16,"column":7}},"type":"if","locations":[{"start":{"line":14,"column":6},"end":{"line":16,"column":7}},{"start":{},"end":{}}],"line":14},"2":{"loc":{"start":{"line":14,"column":9},"end":{"line":14,"column":43}},"type":"binary-expr","locations":[{"start":{"line":14,"column":9},"end":{"line":14,"column":15}},{"start":{"line":14,"column":19},"end":{"line":14,"column":25}},{"start":{"line":14,"column":29},"end":{"line":14,"column":34}},{"start":{"line":14,"column":38},"end":{"line":14,"column":43}}],"line":14},"3":{"loc":{"start":{"line":27,"column":6},"end":{"line":29,"column":7}},"type":"if","locations":[{"start":{"line":27,"column":6},"end":{"line":29,"column":7}},{"start":{},"end":{}}],"line":27},"4":{"loc":{"start":{"line":27,"column":9},"end":{"line":27,"column":43}},"type":"binary-expr","locations":[{"start":{"line":27,"column":9},"end":{"line":27,"column":15}},{"start":{"line":27,"column":19},"end":{"line":27,"column":25}},{"start":{"line":27,"column":29},"end":{"line":27,"column":34}},{"start":{"line":27,"column":38},"end":{"line":27,"column":43}}],"line":27},"5":{"loc":{"start":{"line":47,"column":4},"end":{"line":60,"column":5}},"type":"switch","locations":[{"start":{"line":48,"column":6},"end":{"line":50,"column":14}},{"start":{"line":51,"column":6},"end":{"line":53,"column":14}},{"start":{"line":54,"column":6},"end":{"line":56,"column":14}},{"start":{"line":57,"column":6},"end":{"line":59,"column":14}}],"line":47},"6":{"loc":{"start":{"line":64,"column":4},"end":{"line":77,"column":5}},"type":"switch","locations":[{"start":{"line":65,"column":6},"end":{"line":67,"column":14}},{"start":{"line":68,"column":6},"end":{"line":70,"column":14}},{"start":{"line":71,"column":6},"end":{"line":73,"column":14}},{"start":{"line":74,"column":6},"end":{"line":76,"column":14}}],"line":64}},"s":{"0":18,"1":18,"2":18,"3":18,"4":18,"5":18,"6":18,"7":1,"8":17,"9":2,"10":15,"11":3,"12":18,"13":15,"14":15,"15":1,"16":14,"17":1,"18":18,"19":7,"20":2,"21":1,"22":3,"23":1,"24":7,"25":18,"26":5,"27":2,"28":2,"29":1,"30":1,"31":1,"32":1,"33":1,"34":1,"35":18,"36":6,"37":2,"38":2,"39":1,"40":1,"41":1,"42":1,"43":2,"44":2,"45":18,"46":1,"47":3,"48":1,"49":2,"50":1,"51":6,"52":18,"53":1},"f":{"0":18,"1":18,"2":15,"3":7,"4":2,"5":1,"6":3,"7":1,"8":5,"9":6,"10":1,"11":3,"12":1,"13":2},"b":{"0":[1,17],"1":[2,15],"2":[17,17,16,15],"3":[1,14],"4":[15,15,14,14],"5":[2,1,1,1],"6":[2,1,1,2]},"_coverageSchema":"1a1c01bbd47fc00a2c39e90264f33305004495a9","hash":"954f9e662199d2d575b2bb34a5394c133f5f71b6"}
}
