TN:
SF:robot.js
FN:1,createRobot
FN:7,(anonymous_1)
FN:25,(anonymous_2)
FN:36,(anonymous_3)
FN:38,(anonymous_4)
FN:39,(anonymous_5)
FN:40,(anonymous_6)
FN:41,(anonymous_7)
FN:46,(anonymous_8)
FN:63,(anonymous_9)
FN:80,(anonymous_10)
FN:82,(anonymous_11)
FN:83,(anonymous_12)
FN:84,(anonymous_13)
FNF:14
FNH:14
FNDA:18,createRobot
FNDA:18,(anonymous_1)
FNDA:15,(anonymous_2)
FNDA:7,(anonymous_3)
FNDA:2,(anonymous_4)
FNDA:1,(anonymous_5)
FNDA:3,(anonymous_6)
FNDA:1,(anonymous_7)
FNDA:5,(anonymous_8)
FNDA:6,(anonymous_9)
FNDA:1,(anonymous_10)
FNDA:3,(anonymous_11)
FNDA:1,(anonymous_12)
FNDA:2,(anonymous_13)
DA:2,18
DA:3,18
DA:4,18
DA:7,18
DA:8,18
DA:9,18
DA:10,18
DA:11,1
DA:14,17
DA:15,2
DA:18,15
DA:20,3
DA:25,18
DA:26,15
DA:27,15
DA:28,1
DA:30,14
DA:32,1
DA:36,18
DA:37,7
DA:38,2
DA:39,1
DA:40,3
DA:41,1
DA:43,7
DA:46,18
DA:47,5
DA:49,2
DA:50,2
DA:52,1
DA:53,1
DA:55,1
DA:56,1
DA:58,1
DA:59,1
DA:63,18
DA:64,6
DA:66,2
DA:67,2
DA:69,1
DA:70,1
DA:72,1
DA:73,1
DA:75,2
DA:76,2
DA:80,18
DA:81,1
DA:82,3
DA:83,1
DA:84,2
DA:86,1
DA:87,6
DA:92,18
DA:102,1
LF:54
LH:54
BRDA:10,0,0,1
BRDA:10,0,1,17
BRDA:14,1,0,2
BRDA:14,1,1,15
BRDA:14,2,0,17
BRDA:14,2,1,17
BRDA:14,2,2,16
BRDA:14,2,3,15
BRDA:27,3,0,1
BRDA:27,3,1,14
BRDA:27,4,0,15
BRDA:27,4,1,15
BRDA:27,4,2,14
BRDA:27,4,3,14
BRDA:47,5,0,2
BRDA:47,5,1,1
BRDA:47,5,2,1
BRDA:47,5,3,1
BRDA:64,6,0,2
BRDA:64,6,1,1
BRDA:64,6,2,1
BRDA:64,6,3,2
BRF:22
BRH:22
end_of_record
